<?xml version="1.0" encoding="UTF-8"?>
<testng-results skipped="0" failed="0" total="3" passed="3">
  <reporter-output>
  </reporter-output>
  <suite name="Default suite" duration-ms="16273" started-at="2014-04-08T07:12:45Z" finished-at="2014-04-08T07:13:01Z">
    <groups>
    </groups>
    <test name="Default test" duration-ms="16273" started-at="2014-04-08T07:12:45Z" finished-at="2014-04-08T07:13:01Z">
      <class name="com.example.tests.FolderCreation">
        <test-method status="PASS" signature="setUp()[pri:0, instance:com.example.tests.FolderCreation@24389c]" name="setUp" is-config="true" duration-ms="17" started-at="2014-04-08T11:12:45Z" finished-at="2014-04-08T11:12:45Z">
          <reporter-output>
          </reporter-output>
        </test-method> <!-- setUp -->
        <test-method status="PASS" signature="SameFoldersCreation()[pri:0, instance:com.example.tests.FolderCreation@24389c]" name="SameFoldersCreation" duration-ms="6385" started-at="2014-04-08T11:12:45Z" finished-at="2014-04-08T11:12:51Z">
          <reporter-output>
          </reporter-output>
        </test-method> <!-- SameFoldersCreation -->
        <test-method status="PASS" signature="SomeFolderCreation()[pri:0, instance:com.example.tests.FolderCreation@24389c]" name="SomeFolderCreation" duration-ms="3292" started-at="2014-04-08T11:12:51Z" finished-at="2014-04-08T11:12:54Z">
          <reporter-output>
          </reporter-output>
        </test-method> <!-- SomeFolderCreation -->
        <test-method status="PASS" signature="VariousFoldersCreation()[pri:0, instance:com.example.tests.FolderCreation@24389c]" name="VariousFoldersCreation" duration-ms="6546" started-at="2014-04-08T11:12:54Z" finished-at="2014-04-08T11:13:01Z">
          <reporter-output>
          </reporter-output>
        </test-method> <!-- VariousFoldersCreation -->
        <test-method status="PASS" signature="tearDown()[pri:0, instance:com.example.tests.FolderCreation@24389c]" name="tearDown" is-config="true" duration-ms="0" started-at="2014-04-08T11:13:01Z" finished-at="2014-04-08T11:13:01Z">
          <reporter-output>
          </reporter-output>
        </test-method> <!-- tearDown -->
      </class> <!-- com.example.tests.FolderCreation -->
    </test> <!-- Default test -->
  </suite> <!-- Default suite -->
</testng-results>
